app/build/intermediates/manifest_merge_blame_file/debug/manifest-merger-blame-debug-report.txt
1<?xml version="1.0" encoding="utf-8"?>
2<manifest xmlns:android="http://schemas.android.com/apk/res/android"
3    package="com.example.auth"
4    android:versionCode="1"
5    android:versionName="1.0" >
6
7    <uses-sdk
8        android:minSdkVersion="21"
8-->src\main\AndroidManifest.xml
9        android:targetSdkVersion="29" />
9-->src\main\AndroidManifest.xml
10
11    <uses-permission android:name="android.permission.ACCESS_FINE_LOCATION" />
11-->src\main\AndroidManifest.xml:5:1-74
11-->src\main\AndroidManifest.xml:5:18-72
12    <uses-permission android:name="android.permission.INTERNET" />
12-->src\main\AndroidManifest.xml:6:5-67
12-->src\main\AndroidManifest.xml:6:22-64
13
14    <!-- Although the *SdkVersion is captured in gradle build files, this is required for non gradle builds -->
15    <!-- <uses-sdk android:minSdkVersion="14" /> -->
16    <uses-permission android:name="android.permission.ACCESS_NETWORK_STATE" />
16-->[com.google.firebase:firebase-firestore:21.1.0] AndroidManifest.xml:13:5-79
16-->[com.google.firebase:firebase-firestore:21.1.0] AndroidManifest.xml:13:22-76
17    <uses-permission android:name="android.permission.WAKE_LOCK" /> <!-- Required by older versions of Google Play services to create IID tokens -->
17-->[com.google.android.gms:play-services-measurement-api:17.2.0] AndroidManifest.xml:24:5-68
17-->[com.google.android.gms:play-services-measurement-api:17.2.0] AndroidManifest.xml:24:22-65
18    <uses-permission android:name="com.google.android.c2dm.permission.RECEIVE" />
18-->[com.google.firebase:firebase-iid:20.0.0] AndroidManifest.xml:26:5-82
18-->[com.google.firebase:firebase-iid:20.0.0] AndroidManifest.xml:26:22-79
19
20    <uses-feature
20-->[com.google.android.gms:play-services-maps:9.0.1] AndroidManifest.xml:22:5-24:33
21        android:glEsVersion="0x00020000"
21-->[com.google.android.gms:play-services-maps:9.0.1] AndroidManifest.xml:23:8-40
22        android:required="true" />
22-->[com.google.android.gms:play-services-maps:9.0.1] AndroidManifest.xml:24:8-31
23
24    <uses-permission android:name="com.google.android.finsky.permission.BIND_GET_INSTALL_REFERRER_SERVICE" />
24-->[com.google.android.gms:play-services-measurement:17.2.0] AndroidManifest.xml:26:5-110
24-->[com.google.android.gms:play-services-measurement:17.2.0] AndroidManifest.xml:26:22-107
25
26    <application
26-->src\main\AndroidManifest.xml:8:5-41:19
27        android:allowBackup="true"
27-->src\main\AndroidManifest.xml:9:9-35
28        android:appComponentFactory="androidx.core.app.CoreComponentFactory"
28-->[androidx.core:core:1.1.0] AndroidManifest.xml:24:18-86
29        android:debuggable="true"
30        android:icon="@mipmap/ic_launcher"
30-->src\main\AndroidManifest.xml:10:9-43
31        android:label="@string/app_name"
31-->src\main\AndroidManifest.xml:11:9-41
32        android:roundIcon="@mipmap/ic_launcher_round"
32-->src\main\AndroidManifest.xml:12:9-54
33        android:supportsRtl="true"
33-->src\main\AndroidManifest.xml:13:9-35
34        android:testOnly="true"
35        android:theme="@style/AppTheme" >
35-->src\main\AndroidManifest.xml:14:9-40
36        <activity android:name="com.example.auth.Main2Activity" >
36-->src\main\AndroidManifest.xml:15:9-23:20
36-->src\main\AndroidManifest.xml:15:19-48
37            <meta-data
37-->src\main\AndroidManifest.xml:19:13-21:73
38                android:name="com.google.android.gms.version"
38-->src\main\AndroidManifest.xml:20:17-62
39                android:value="@integer/google_play_services_version" />
39-->src\main\AndroidManifest.xml:21:17-70
40        </activity>
41        <activity android:name="com.example.auth.Postactivity" />
41-->src\main\AndroidManifest.xml:24:9-50
41-->src\main\AndroidManifest.xml:24:19-47
42        <activity android:name="com.example.auth.AccountActivity" />
42-->src\main\AndroidManifest.xml:25:9-53
42-->src\main\AndroidManifest.xml:25:19-50
43        <activity android:name="com.example.auth.SignUp" />
43-->src\main\AndroidManifest.xml:26:9-44
43-->src\main\AndroidManifest.xml:26:19-41
44        <activity android:name="com.example.auth.MainActivity" >
44-->src\main\AndroidManifest.xml:27:9-34:20
44-->src\main\AndroidManifest.xml:27:19-47
45            <intent-filter>
45-->src\main\AndroidManifest.xml:28:13-32:29
46                <action android:name="android.intent.action.MAIN" />
46-->src\main\AndroidManifest.xml:29:17-69
46-->src\main\AndroidManifest.xml:29:25-66
47
48                <category android:name="android.intent.category.LAUNCHER" />
48-->src\main\AndroidManifest.xml:31:17-77
48-->src\main\AndroidManifest.xml:31:27-74
49            </intent-filter>
50        </activity>
51
52        <meta-data
52-->src\main\AndroidManifest.xml:37:9-39:70
53            android:name="com.google.android.geo.API_KEY"
53-->src\main\AndroidManifest.xml:38:13-58
54            android:value="AIzaSyAItnv7vs4EvbE_vZaffoqAem01APsWYKc" />
54-->src\main\AndroidManifest.xml:39:13-68
55
56        <!--
57             FirebaseMessagingService performs security checks at runtime,
58             but set to not exported to explicitly avoid allowing another app to call it.
59        -->
60        <service
60-->[com.google.firebase:firebase-messaging:20.0.0] AndroidManifest.xml:28:9-34:19
61            android:name="com.google.firebase.messaging.FirebaseMessagingService"
61-->[com.google.firebase:firebase-messaging:20.0.0] AndroidManifest.xml:29:13-82
62            android:exported="false" >
62-->[com.google.firebase:firebase-messaging:20.0.0] AndroidManifest.xml:30:13-37
63            <intent-filter android:priority="-500" >
63-->[com.google.firebase:firebase-messaging:20.0.0] AndroidManifest.xml:31:13-33:29
63-->[com.google.firebase:firebase-messaging:20.0.0] AndroidManifest.xml:31:28-51
64                <action android:name="com.google.firebase.MESSAGING_EVENT" />
64-->[com.google.firebase:firebase-messaging:20.0.0] AndroidManifest.xml:32:17-78
64-->[com.google.firebase:firebase-messaging:20.0.0] AndroidManifest.xml:32:25-75
65            </intent-filter>
66        </service>
67        <service
67-->[com.google.firebase:firebase-firestore:21.1.0] AndroidManifest.xml:17:9-23:19
68            android:name="com.google.firebase.components.ComponentDiscoveryService"
68-->[com.google.firebase:firebase-firestore:21.1.0] AndroidManifest.xml:18:13-84
69            android:directBootAware="true"
69-->[com.google.firebase:firebase-common:19.1.0] AndroidManifest.xml:14:13-43
70            android:exported="false" >
70-->[com.google.firebase:firebase-firestore:21.1.0] AndroidManifest.xml:19:13-37
71            <meta-data
71-->[com.google.firebase:firebase-firestore:21.1.0] AndroidManifest.xml:20:13-22:85
72                android:name="com.google.firebase.components:com.google.firebase.firestore.FirestoreRegistrar"
72-->[com.google.firebase:firebase-firestore:21.1.0] AndroidManifest.xml:21:17-111
73                android:value="com.google.firebase.components.ComponentRegistrar" />
73-->[com.google.firebase:firebase-firestore:21.1.0] AndroidManifest.xml:22:17-82
74            <meta-data
74-->[com.google.firebase:firebase-config:19.0.1] AndroidManifest.xml:32:13-34:85
75                android:name="com.google.firebase.components:com.google.firebase.remoteconfig.RemoteConfigRegistrar"
75-->[com.google.firebase:firebase-config:19.0.1] AndroidManifest.xml:33:17-117
76                android:value="com.google.firebase.components.ComponentRegistrar" />
76-->[com.google.firebase:firebase-config:19.0.1] AndroidManifest.xml:34:17-82
77            <meta-data
77-->[com.google.firebase:firebase-database:19.1.0] AndroidManifest.xml:32:13-34:85
78                android:name="com.google.firebase.components:com.google.firebase.database.DatabaseRegistrar"
78-->[com.google.firebase:firebase-database:19.1.0] AndroidManifest.xml:33:17-109
79                android:value="com.google.firebase.components.ComponentRegistrar" />
79-->[com.google.firebase:firebase-database:19.1.0] AndroidManifest.xml:34:17-82
80            <meta-data
80-->[com.google.firebase:firebase-auth:19.0.0] AndroidManifest.xml:36:13-38:85
81                android:name="com.google.firebase.components:com.google.firebase.auth.FirebaseAuthRegistrar"
81-->[com.google.firebase:firebase-auth:19.0.0] AndroidManifest.xml:37:17-109
82                android:value="com.google.firebase.components.ComponentRegistrar" />
82-->[com.google.firebase:firebase-auth:19.0.0] AndroidManifest.xml:38:17-82
83            <meta-data
83-->[com.google.firebase:firebase-crash:16.2.1] AndroidManifest.xml:26:13-28:85
84                android:name="com.google.firebase.components:com.google.firebase.crash.component.FirebaseCrashRegistrar"
84-->[com.google.firebase:firebase-crash:16.2.1] AndroidManifest.xml:27:17-121
85                android:value="com.google.firebase.components.ComponentRegistrar" />
85-->[com.google.firebase:firebase-crash:16.2.1] AndroidManifest.xml:28:17-82
86            <meta-data
86-->[com.google.android.gms:play-services-measurement-api:17.2.0] AndroidManifest.xml:30:13-32:85
87                android:name="com.google.firebase.components:com.google.firebase.analytics.connector.internal.AnalyticsConnectorRegistrar"
87-->[com.google.android.gms:play-services-measurement-api:17.2.0] AndroidManifest.xml:31:17-139
88                android:value="com.google.firebase.components.ComponentRegistrar" />
88-->[com.google.android.gms:play-services-measurement-api:17.2.0] AndroidManifest.xml:32:17-82
89            <meta-data
89-->[com.google.firebase:firebase-iid:20.0.0] AndroidManifest.xml:32:13-34:85
90                android:name="com.google.firebase.components:com.google.firebase.iid.Registrar"
90-->[com.google.firebase:firebase-iid:20.0.0] AndroidManifest.xml:33:17-96
91                android:value="com.google.firebase.components.ComponentRegistrar" />
91-->[com.google.firebase:firebase-iid:20.0.0] AndroidManifest.xml:34:17-82
92            <meta-data
92-->[com.google.firebase:firebase-abt:19.0.0] AndroidManifest.xml:13:13-15:85
93                android:name="com.google.firebase.components:com.google.firebase.abt.component.AbtRegistrar"
93-->[com.google.firebase:firebase-abt:19.0.0] AndroidManifest.xml:14:17-109
94                android:value="com.google.firebase.components.ComponentRegistrar" />
94-->[com.google.firebase:firebase-abt:19.0.0] AndroidManifest.xml:15:17-82
95        </service>
96
97        <activity
97-->[com.google.firebase:firebase-auth:19.0.0] AndroidManifest.xml:24:9-31:50
98            android:name="com.google.firebase.auth.internal.FederatedSignInActivity"
98-->[com.google.firebase:firebase-auth:19.0.0] AndroidManifest.xml:25:13-85
99            android:excludeFromRecents="true"
99-->[com.google.firebase:firebase-auth:19.0.0] AndroidManifest.xml:26:13-46
100            android:exported="true"
100-->[com.google.firebase:firebase-auth:19.0.0] AndroidManifest.xml:27:13-36
101            android:launchMode="singleTask"
101-->[com.google.firebase:firebase-auth:19.0.0] AndroidManifest.xml:28:13-44
102            android:permission="com.google.firebase.auth.api.gms.permission.LAUNCH_FEDERATED_SIGN_IN"
102-->[com.google.firebase:firebase-auth:19.0.0] AndroidManifest.xml:29:13-102
103            android:theme="@android:style/Theme.Translucent.NoTitleBar" />
103-->[com.google.firebase:firebase-auth:19.0.0] AndroidManifest.xml:30:13-72
104
105        <receiver
105-->[com.google.firebase:firebase-iid:20.0.0] AndroidManifest.xml:37:9-44:20
106            android:name="com.google.firebase.iid.FirebaseInstanceIdReceiver"
106-->[com.google.firebase:firebase-iid:20.0.0] AndroidManifest.xml:38:13-78
107            android:exported="true"
107-->[com.google.firebase:firebase-iid:20.0.0] AndroidManifest.xml:39:13-36
108            android:permission="com.google.android.c2dm.permission.SEND" >
108-->[com.google.firebase:firebase-iid:20.0.0] AndroidManifest.xml:40:13-73
109            <intent-filter>
109-->[com.google.firebase:firebase-iid:20.0.0] AndroidManifest.xml:41:13-43:29
110                <action android:name="com.google.android.c2dm.intent.RECEIVE" />
110-->[com.google.firebase:firebase-iid:20.0.0] AndroidManifest.xml:42:17-81
110-->[com.google.firebase:firebase-iid:20.0.0] AndroidManifest.xml:42:25-78
111            </intent-filter>
112        </receiver>
113
114        <provider
114-->[com.google.firebase:firebase-common:19.1.0] AndroidManifest.xml:17:9-21:39
115            android:name="com.google.firebase.provider.FirebaseInitProvider"
115-->[com.google.firebase:firebase-common:19.1.0] AndroidManifest.xml:18:13-77
116            android:authorities="com.example.auth.firebaseinitprovider"
116-->[com.google.firebase:firebase-common:19.1.0] AndroidManifest.xml:19:13-72
117            android:exported="false"
117-->[com.google.firebase:firebase-common:19.1.0] AndroidManifest.xml:20:13-37
118            android:initOrder="100" />
118-->[com.google.firebase:firebase-common:19.1.0] AndroidManifest.xml:21:13-36
119
120        <activity
120-->[com.google.android.gms:play-services-base:17.1.0] AndroidManifest.xml:23:9-26:75
121            android:name="com.google.android.gms.common.api.GoogleApiActivity"
121-->[com.google.android.gms:play-services-base:17.1.0] AndroidManifest.xml:24:13-79
122            android:exported="false"
122-->[com.google.android.gms:play-services-base:17.1.0] AndroidManifest.xml:25:13-37
123            android:theme="@android:style/Theme.Translucent.NoTitleBar" />
123-->[com.google.android.gms:play-services-base:17.1.0] AndroidManifest.xml:26:13-72
124
125        <receiver
125-->[com.google.android.gms:play-services-measurement:17.2.0] AndroidManifest.xml:29:9-33:20
126            android:name="com.google.android.gms.measurement.AppMeasurementReceiver"
126-->[com.google.android.gms:play-services-measurement:17.2.0] AndroidManifest.xml:30:13-85
127            android:enabled="true"
127-->[com.google.android.gms:play-services-measurement:17.2.0] AndroidManifest.xml:31:13-35
128            android:exported="false" >
128-->[com.google.android.gms:play-services-measurement:17.2.0] AndroidManifest.xml:32:13-37
129        </receiver>
130        <receiver
130-->[com.google.android.gms:play-services-measurement:17.2.0] AndroidManifest.xml:34:9-42:20
131            android:name="com.google.android.gms.measurement.AppMeasurementInstallReferrerReceiver"
131-->[com.google.android.gms:play-services-measurement:17.2.0] AndroidManifest.xml:35:13-100
132            android:enabled="true"
132-->[com.google.android.gms:play-services-measurement:17.2.0] AndroidManifest.xml:36:13-35
133            android:exported="true"
133-->[com.google.android.gms:play-services-measurement:17.2.0] AndroidManifest.xml:37:13-36
134            android:permission="android.permission.INSTALL_PACKAGES" >
134-->[com.google.android.gms:play-services-measurement:17.2.0] AndroidManifest.xml:38:13-69
135            <intent-filter>
135-->[com.google.android.gms:play-services-measurement:17.2.0] AndroidManifest.xml:39:13-41:29
136                <action android:name="com.android.vending.INSTALL_REFERRER" />
136-->[com.google.android.gms:play-services-measurement:17.2.0] AndroidManifest.xml:40:17-79
136-->[com.google.android.gms:play-services-measurement:17.2.0] AndroidManifest.xml:40:25-76
137            </intent-filter>
138        </receiver>
139
140        <service
140-->[com.google.android.gms:play-services-measurement:17.2.0] AndroidManifest.xml:44:9-47:40
141            android:name="com.google.android.gms.measurement.AppMeasurementService"
141-->[com.google.android.gms:play-services-measurement:17.2.0] AndroidManifest.xml:45:13-84
142            android:enabled="true"
142-->[com.google.android.gms:play-services-measurement:17.2.0] AndroidManifest.xml:46:13-35
143            android:exported="false" />
143-->[com.google.android.gms:play-services-measurement:17.2.0] AndroidManifest.xml:47:13-37
144        <service
144-->[com.google.android.gms:play-services-measurement:17.2.0] AndroidManifest.xml:48:9-52:72
145            android:name="com.google.android.gms.measurement.AppMeasurementJobService"
145-->[com.google.android.gms:play-services-measurement:17.2.0] AndroidManifest.xml:49:13-87
146            android:enabled="true"
146-->[com.google.android.gms:play-services-measurement:17.2.0] AndroidManifest.xml:50:13-35
147            android:exported="false"
147-->[com.google.android.gms:play-services-measurement:17.2.0] AndroidManifest.xml:51:13-37
148            android:permission="android.permission.BIND_JOB_SERVICE" />
148-->[com.google.android.gms:play-services-measurement:17.2.0] AndroidManifest.xml:52:13-69
149
150        <meta-data
150-->src\main\AndroidManifest.xml:19:13-21:73
151            android:name="com.google.android.gms.version"
151-->src\main\AndroidManifest.xml:20:17-62
152            android:value="@integer/google_play_services_version" />
152-->src\main\AndroidManifest.xml:21:17-70
153    </application>
154
155</manifest>